ARM GAS  C:\Users\curti\AppData\Local\Temp\ccL9DN3K.s 			page 1


   1              		.cpu cortex-m4
   2              		.arch armv7e-m
   3              		.fpu fpv4-sp-d16
   4              		.eabi_attribute 27, 1
   5              		.eabi_attribute 28, 1
   6              		.eabi_attribute 20, 1
   7              		.eabi_attribute 21, 1
   8              		.eabi_attribute 23, 3
   9              		.eabi_attribute 24, 1
  10              		.eabi_attribute 25, 1
  11              		.eabi_attribute 26, 1
  12              		.eabi_attribute 30, 1
  13              		.eabi_attribute 34, 1
  14              		.eabi_attribute 18, 4
  15              		.file	"main.c"
  16              		.text
  17              	.Ltext0:
  18              		.cfi_sections	.debug_frame
  19              		.file 1 "Core/Src/main.c"
  20              		.section	.text.MX_GPIO_Init,"ax",%progbits
  21              		.align	1
  22              		.syntax unified
  23              		.thumb
  24              		.thumb_func
  26              	MX_GPIO_Init:
  27              	.LFB136:
   1:Core/Src/main.c **** /* USER CODE BEGIN Header */
   2:Core/Src/main.c **** /**
   3:Core/Src/main.c ****   ******************************************************************************
   4:Core/Src/main.c ****   * @file           : main.c
   5:Core/Src/main.c ****   * @brief          : Main program body
   6:Core/Src/main.c ****   ******************************************************************************
   7:Core/Src/main.c ****   * @attention
   8:Core/Src/main.c ****   *
   9:Core/Src/main.c ****   * Copyright (c) 2023 STMicroelectronics.
  10:Core/Src/main.c ****   * All rights reserved.
  11:Core/Src/main.c ****   *
  12:Core/Src/main.c ****   * This software is licensed under terms that can be found in the LICENSE file
  13:Core/Src/main.c ****   * in the root directory of this software component.
  14:Core/Src/main.c ****   * If no LICENSE file comes with this software, it is provided AS-IS.
  15:Core/Src/main.c ****   *
  16:Core/Src/main.c ****   ******************************************************************************
  17:Core/Src/main.c ****   */
  18:Core/Src/main.c **** /* USER CODE END Header */
  19:Core/Src/main.c **** /* Includes ------------------------------------------------------------------*/
  20:Core/Src/main.c **** #include "main.h"
  21:Core/Src/main.c **** 
  22:Core/Src/main.c **** /* Private includes ----------------------------------------------------------*/
  23:Core/Src/main.c **** /* USER CODE BEGIN Includes */
  24:Core/Src/main.c **** 
  25:Core/Src/main.c **** /* USER CODE END Includes */
  26:Core/Src/main.c **** 
  27:Core/Src/main.c **** /* Private typedef -----------------------------------------------------------*/
  28:Core/Src/main.c **** /* USER CODE BEGIN PTD */
  29:Core/Src/main.c **** 
  30:Core/Src/main.c **** /* USER CODE END PTD */
  31:Core/Src/main.c **** 
ARM GAS  C:\Users\curti\AppData\Local\Temp\ccL9DN3K.s 			page 2


  32:Core/Src/main.c **** /* Private define ------------------------------------------------------------*/
  33:Core/Src/main.c **** /* USER CODE BEGIN PD */
  34:Core/Src/main.c **** 
  35:Core/Src/main.c **** /* USER CODE END PD */
  36:Core/Src/main.c **** 
  37:Core/Src/main.c **** /* Private macro -------------------------------------------------------------*/
  38:Core/Src/main.c **** /* USER CODE BEGIN PM */
  39:Core/Src/main.c **** 
  40:Core/Src/main.c **** /* USER CODE END PM */
  41:Core/Src/main.c **** 
  42:Core/Src/main.c **** /* Private variables ---------------------------------------------------------*/
  43:Core/Src/main.c **** UART_HandleTypeDef hlpuart1;
  44:Core/Src/main.c **** 
  45:Core/Src/main.c **** PCD_HandleTypeDef hpcd_USB_OTG_FS;
  46:Core/Src/main.c **** 
  47:Core/Src/main.c **** /* USER CODE BEGIN PV */
  48:Core/Src/main.c **** 
  49:Core/Src/main.c **** /* USER CODE END PV */
  50:Core/Src/main.c **** 
  51:Core/Src/main.c **** /* Private function prototypes -----------------------------------------------*/
  52:Core/Src/main.c **** void SystemClock_Config(void);
  53:Core/Src/main.c **** static void MX_GPIO_Init(void);
  54:Core/Src/main.c **** static void MX_LPUART1_UART_Init(void);
  55:Core/Src/main.c **** static void MX_USB_OTG_FS_PCD_Init(void);
  56:Core/Src/main.c **** /* USER CODE BEGIN PFP */
  57:Core/Src/main.c **** 
  58:Core/Src/main.c **** /* USER CODE END PFP */
  59:Core/Src/main.c **** 
  60:Core/Src/main.c **** /* Private user code ---------------------------------------------------------*/
  61:Core/Src/main.c **** /* USER CODE BEGIN 0 */
  62:Core/Src/main.c **** 
  63:Core/Src/main.c **** /* USER CODE END 0 */
  64:Core/Src/main.c **** 
  65:Core/Src/main.c **** /**
  66:Core/Src/main.c ****   * @brief  The application entry point.
  67:Core/Src/main.c ****   * @retval int
  68:Core/Src/main.c ****   */
  69:Core/Src/main.c **** int main(void)
  70:Core/Src/main.c **** {
  71:Core/Src/main.c ****   /* USER CODE BEGIN 1 */
  72:Core/Src/main.c ****   
  73:Core/Src/main.c **** 
  74:Core/Src/main.c ****   /* USER CODE END 1 */
  75:Core/Src/main.c **** 
  76:Core/Src/main.c ****   /* MCU Configuration--------------------------------------------------------*/
  77:Core/Src/main.c **** 
  78:Core/Src/main.c ****   /* Reset of all peripherals, Initializes the Flash interface and the Systick. */
  79:Core/Src/main.c ****   HAL_Init();
  80:Core/Src/main.c **** 
  81:Core/Src/main.c ****   /* USER CODE BEGIN Init */
  82:Core/Src/main.c **** 
  83:Core/Src/main.c ****   /* USER CODE END Init */
  84:Core/Src/main.c **** 
  85:Core/Src/main.c ****   /* Configure the system clock */
  86:Core/Src/main.c ****   SystemClock_Config();
  87:Core/Src/main.c **** 
  88:Core/Src/main.c ****   /* USER CODE BEGIN SysInit */
ARM GAS  C:\Users\curti\AppData\Local\Temp\ccL9DN3K.s 			page 3


  89:Core/Src/main.c **** 
  90:Core/Src/main.c ****   /* USER CODE END SysInit */
  91:Core/Src/main.c **** 
  92:Core/Src/main.c ****   /* Initialize all configured peripherals */
  93:Core/Src/main.c ****   MX_GPIO_Init();
  94:Core/Src/main.c ****   MX_LPUART1_UART_Init();
  95:Core/Src/main.c ****   MX_USB_OTG_FS_PCD_Init();
  96:Core/Src/main.c ****   /* USER CODE BEGIN 2 */
  97:Core/Src/main.c **** 
  98:Core/Src/main.c ****   /* USER CODE END 2 */
  99:Core/Src/main.c **** 
 100:Core/Src/main.c ****   /* Infinite loop */
 101:Core/Src/main.c ****   /* USER CODE BEGIN WHILE */
 102:Core/Src/main.c ****   while (1)
 103:Core/Src/main.c ****   {
 104:Core/Src/main.c ****     /* USER CODE END WHILE */
 105:Core/Src/main.c ****     // LED ON
 106:Core/Src/main.c ****     HAL_GPIO_WritePin(GPIOB, GPIO_PIN_7, GPIO_PIN_SET);
 107:Core/Src/main.c ****     HAL_Delay(100);
 108:Core/Src/main.c ****     // LED OFF
 109:Core/Src/main.c ****     if (HAL_GPIO_ReadPin(GPIOB, GPIO_PIN_13)){
 110:Core/Src/main.c ****       HAL_GPIO_WritePin(GPIOB, GPIO_PIN_7, GPIO_PIN_RESET);
 111:Core/Src/main.c ****       HAL_Delay(50);
 112:Core/Src/main.c ****     }
 113:Core/Src/main.c ****     else{
 114:Core/Src/main.c ****       HAL_GPIO_WritePin(GPIOB, GPIO_PIN_7, GPIO_PIN_RESET);
 115:Core/Src/main.c ****       HAL_Delay(100);
 116:Core/Src/main.c ****     }
 117:Core/Src/main.c ****     /* USER CODE BEGIN 3 */
 118:Core/Src/main.c ****   }
 119:Core/Src/main.c ****   /* USER CODE END 3 */
 120:Core/Src/main.c **** }
 121:Core/Src/main.c **** 
 122:Core/Src/main.c **** /**
 123:Core/Src/main.c ****   * @brief System Clock Configuration
 124:Core/Src/main.c ****   * @retval None
 125:Core/Src/main.c ****   */
 126:Core/Src/main.c **** void SystemClock_Config(void)
 127:Core/Src/main.c **** {
 128:Core/Src/main.c ****   RCC_OscInitTypeDef RCC_OscInitStruct = {0};
 129:Core/Src/main.c ****   RCC_ClkInitTypeDef RCC_ClkInitStruct = {0};
 130:Core/Src/main.c **** 
 131:Core/Src/main.c ****   /** Configure the main internal regulator output voltage
 132:Core/Src/main.c ****   */
 133:Core/Src/main.c ****   if (HAL_PWREx_ControlVoltageScaling(PWR_REGULATOR_VOLTAGE_SCALE1) != HAL_OK)
 134:Core/Src/main.c ****   {
 135:Core/Src/main.c ****     Error_Handler();
 136:Core/Src/main.c ****   }
 137:Core/Src/main.c **** 
 138:Core/Src/main.c ****   /** Configure LSE Drive Capability
 139:Core/Src/main.c ****   */
 140:Core/Src/main.c ****   HAL_PWR_EnableBkUpAccess();
 141:Core/Src/main.c ****   __HAL_RCC_LSEDRIVE_CONFIG(RCC_LSEDRIVE_LOW);
 142:Core/Src/main.c **** 
 143:Core/Src/main.c ****   /** Initializes the RCC Oscillators according to the specified parameters
 144:Core/Src/main.c ****   * in the RCC_OscInitTypeDef structure.
 145:Core/Src/main.c ****   */
ARM GAS  C:\Users\curti\AppData\Local\Temp\ccL9DN3K.s 			page 4


 146:Core/Src/main.c ****   RCC_OscInitStruct.OscillatorType = RCC_OSCILLATORTYPE_LSE|RCC_OSCILLATORTYPE_MSI;
 147:Core/Src/main.c ****   RCC_OscInitStruct.LSEState = RCC_LSE_ON;
 148:Core/Src/main.c ****   RCC_OscInitStruct.MSIState = RCC_MSI_ON;
 149:Core/Src/main.c ****   RCC_OscInitStruct.MSICalibrationValue = 0;
 150:Core/Src/main.c ****   RCC_OscInitStruct.MSIClockRange = RCC_MSIRANGE_6;
 151:Core/Src/main.c ****   RCC_OscInitStruct.PLL.PLLState = RCC_PLL_ON;
 152:Core/Src/main.c ****   RCC_OscInitStruct.PLL.PLLSource = RCC_PLLSOURCE_MSI;
 153:Core/Src/main.c ****   RCC_OscInitStruct.PLL.PLLM = 1;
 154:Core/Src/main.c ****   RCC_OscInitStruct.PLL.PLLN = 71;
 155:Core/Src/main.c ****   RCC_OscInitStruct.PLL.PLLP = RCC_PLLP_DIV2;
 156:Core/Src/main.c ****   RCC_OscInitStruct.PLL.PLLQ = RCC_PLLQ_DIV2;
 157:Core/Src/main.c ****   RCC_OscInitStruct.PLL.PLLR = RCC_PLLR_DIV6;
 158:Core/Src/main.c ****   if (HAL_RCC_OscConfig(&RCC_OscInitStruct) != HAL_OK)
 159:Core/Src/main.c ****   {
 160:Core/Src/main.c ****     Error_Handler();
 161:Core/Src/main.c ****   }
 162:Core/Src/main.c **** 
 163:Core/Src/main.c ****   /** Initializes the CPU, AHB and APB buses clocks
 164:Core/Src/main.c ****   */
 165:Core/Src/main.c ****   RCC_ClkInitStruct.ClockType = RCC_CLOCKTYPE_HCLK|RCC_CLOCKTYPE_SYSCLK
 166:Core/Src/main.c ****                               |RCC_CLOCKTYPE_PCLK1|RCC_CLOCKTYPE_PCLK2;
 167:Core/Src/main.c ****   RCC_ClkInitStruct.SYSCLKSource = RCC_SYSCLKSOURCE_PLLCLK;
 168:Core/Src/main.c ****   RCC_ClkInitStruct.AHBCLKDivider = RCC_SYSCLK_DIV1;
 169:Core/Src/main.c ****   RCC_ClkInitStruct.APB1CLKDivider = RCC_HCLK_DIV2;
 170:Core/Src/main.c ****   RCC_ClkInitStruct.APB2CLKDivider = RCC_HCLK_DIV1;
 171:Core/Src/main.c **** 
 172:Core/Src/main.c ****   if (HAL_RCC_ClockConfig(&RCC_ClkInitStruct, FLASH_LATENCY_2) != HAL_OK)
 173:Core/Src/main.c ****   {
 174:Core/Src/main.c ****     Error_Handler();
 175:Core/Src/main.c ****   }
 176:Core/Src/main.c **** 
 177:Core/Src/main.c ****   /** Enable MSI Auto calibration
 178:Core/Src/main.c ****   */
 179:Core/Src/main.c ****   HAL_RCCEx_EnableMSIPLLMode();
 180:Core/Src/main.c **** }
 181:Core/Src/main.c **** 
 182:Core/Src/main.c **** /**
 183:Core/Src/main.c ****   * @brief LPUART1 Initialization Function
 184:Core/Src/main.c ****   * @param None
 185:Core/Src/main.c ****   * @retval None
 186:Core/Src/main.c ****   */
 187:Core/Src/main.c **** static void MX_LPUART1_UART_Init(void)
 188:Core/Src/main.c **** {
 189:Core/Src/main.c **** 
 190:Core/Src/main.c ****   /* USER CODE BEGIN LPUART1_Init 0 */
 191:Core/Src/main.c **** 
 192:Core/Src/main.c ****   /* USER CODE END LPUART1_Init 0 */
 193:Core/Src/main.c **** 
 194:Core/Src/main.c ****   /* USER CODE BEGIN LPUART1_Init 1 */
 195:Core/Src/main.c **** 
 196:Core/Src/main.c ****   /* USER CODE END LPUART1_Init 1 */
 197:Core/Src/main.c ****   hlpuart1.Instance = LPUART1;
 198:Core/Src/main.c ****   hlpuart1.Init.BaudRate = 209700;
 199:Core/Src/main.c ****   hlpuart1.Init.WordLength = UART_WORDLENGTH_7B;
 200:Core/Src/main.c ****   hlpuart1.Init.StopBits = UART_STOPBITS_1;
 201:Core/Src/main.c ****   hlpuart1.Init.Parity = UART_PARITY_NONE;
 202:Core/Src/main.c ****   hlpuart1.Init.Mode = UART_MODE_TX_RX;
ARM GAS  C:\Users\curti\AppData\Local\Temp\ccL9DN3K.s 			page 5


 203:Core/Src/main.c ****   hlpuart1.Init.HwFlowCtl = UART_HWCONTROL_NONE;
 204:Core/Src/main.c ****   hlpuart1.Init.OneBitSampling = UART_ONE_BIT_SAMPLE_DISABLE;
 205:Core/Src/main.c ****   hlpuart1.AdvancedInit.AdvFeatureInit = UART_ADVFEATURE_NO_INIT;
 206:Core/Src/main.c ****   if (HAL_UART_Init(&hlpuart1) != HAL_OK)
 207:Core/Src/main.c ****   {
 208:Core/Src/main.c ****     Error_Handler();
 209:Core/Src/main.c ****   }
 210:Core/Src/main.c ****   /* USER CODE BEGIN LPUART1_Init 2 */
 211:Core/Src/main.c **** 
 212:Core/Src/main.c ****   /* USER CODE END LPUART1_Init 2 */
 213:Core/Src/main.c **** 
 214:Core/Src/main.c **** }
 215:Core/Src/main.c **** 
 216:Core/Src/main.c **** /**
 217:Core/Src/main.c ****   * @brief USB_OTG_FS Initialization Function
 218:Core/Src/main.c ****   * @param None
 219:Core/Src/main.c ****   * @retval None
 220:Core/Src/main.c ****   */
 221:Core/Src/main.c **** static void MX_USB_OTG_FS_PCD_Init(void)
 222:Core/Src/main.c **** {
 223:Core/Src/main.c **** 
 224:Core/Src/main.c ****   /* USER CODE BEGIN USB_OTG_FS_Init 0 */
 225:Core/Src/main.c **** 
 226:Core/Src/main.c ****   /* USER CODE END USB_OTG_FS_Init 0 */
 227:Core/Src/main.c **** 
 228:Core/Src/main.c ****   /* USER CODE BEGIN USB_OTG_FS_Init 1 */
 229:Core/Src/main.c **** 
 230:Core/Src/main.c ****   /* USER CODE END USB_OTG_FS_Init 1 */
 231:Core/Src/main.c ****   hpcd_USB_OTG_FS.Instance = USB_OTG_FS;
 232:Core/Src/main.c ****   hpcd_USB_OTG_FS.Init.dev_endpoints = 6;
 233:Core/Src/main.c ****   hpcd_USB_OTG_FS.Init.speed = PCD_SPEED_FULL;
 234:Core/Src/main.c ****   hpcd_USB_OTG_FS.Init.phy_itface = PCD_PHY_EMBEDDED;
 235:Core/Src/main.c ****   hpcd_USB_OTG_FS.Init.Sof_enable = ENABLE;
 236:Core/Src/main.c ****   hpcd_USB_OTG_FS.Init.low_power_enable = DISABLE;
 237:Core/Src/main.c ****   hpcd_USB_OTG_FS.Init.lpm_enable = DISABLE;
 238:Core/Src/main.c ****   hpcd_USB_OTG_FS.Init.battery_charging_enable = ENABLE;
 239:Core/Src/main.c ****   hpcd_USB_OTG_FS.Init.use_dedicated_ep1 = DISABLE;
 240:Core/Src/main.c ****   hpcd_USB_OTG_FS.Init.vbus_sensing_enable = ENABLE;
 241:Core/Src/main.c ****   if (HAL_PCD_Init(&hpcd_USB_OTG_FS) != HAL_OK)
 242:Core/Src/main.c ****   {
 243:Core/Src/main.c ****     Error_Handler();
 244:Core/Src/main.c ****   }
 245:Core/Src/main.c ****   /* USER CODE BEGIN USB_OTG_FS_Init 2 */
 246:Core/Src/main.c **** 
 247:Core/Src/main.c ****   /* USER CODE END USB_OTG_FS_Init 2 */
 248:Core/Src/main.c **** 
 249:Core/Src/main.c **** }
 250:Core/Src/main.c **** 
 251:Core/Src/main.c **** /**
 252:Core/Src/main.c ****   * @brief GPIO Initialization Function
 253:Core/Src/main.c ****   * @param None
 254:Core/Src/main.c ****   * @retval None
 255:Core/Src/main.c ****   */
 256:Core/Src/main.c **** static void MX_GPIO_Init(void)
 257:Core/Src/main.c **** {
  28              		.loc 1 257 1 view -0
  29              		.cfi_startproc
ARM GAS  C:\Users\curti\AppData\Local\Temp\ccL9DN3K.s 			page 6


  30              		@ args = 0, pretend = 0, frame = 40
  31              		@ frame_needed = 0, uses_anonymous_args = 0
  32 0000 F0B5     		push	{r4, r5, r6, r7, lr}
  33              		.cfi_def_cfa_offset 20
  34              		.cfi_offset 4, -20
  35              		.cfi_offset 5, -16
  36              		.cfi_offset 6, -12
  37              		.cfi_offset 7, -8
  38              		.cfi_offset 14, -4
  39 0002 8BB0     		sub	sp, sp, #44
  40              		.cfi_def_cfa_offset 64
 258:Core/Src/main.c ****   GPIO_InitTypeDef GPIO_InitStruct = {0};
  41              		.loc 1 258 3 view .LVU1
  42              		.loc 1 258 20 is_stmt 0 view .LVU2
  43 0004 0025     		movs	r5, #0
  44 0006 0595     		str	r5, [sp, #20]
  45 0008 0695     		str	r5, [sp, #24]
  46 000a 0795     		str	r5, [sp, #28]
  47 000c 0895     		str	r5, [sp, #32]
  48 000e 0995     		str	r5, [sp, #36]
 259:Core/Src/main.c **** /* USER CODE BEGIN MX_GPIO_Init_1 */
 260:Core/Src/main.c **** /* USER CODE END MX_GPIO_Init_1 */
 261:Core/Src/main.c **** 
 262:Core/Src/main.c ****   /* GPIO Ports Clock Enable */
 263:Core/Src/main.c ****   __HAL_RCC_GPIOC_CLK_ENABLE();
  49              		.loc 1 263 3 is_stmt 1 view .LVU3
  50              	.LBB4:
  51              		.loc 1 263 3 view .LVU4
  52              		.loc 1 263 3 view .LVU5
  53 0010 324C     		ldr	r4, .L3
  54 0012 E36C     		ldr	r3, [r4, #76]
  55 0014 43F00403 		orr	r3, r3, #4
  56 0018 E364     		str	r3, [r4, #76]
  57              		.loc 1 263 3 view .LVU6
  58 001a E36C     		ldr	r3, [r4, #76]
  59 001c 03F00403 		and	r3, r3, #4
  60 0020 0093     		str	r3, [sp]
  61              		.loc 1 263 3 view .LVU7
  62 0022 009B     		ldr	r3, [sp]
  63              	.LBE4:
  64              		.loc 1 263 3 view .LVU8
 264:Core/Src/main.c ****   __HAL_RCC_GPIOH_CLK_ENABLE();
  65              		.loc 1 264 3 view .LVU9
  66              	.LBB5:
  67              		.loc 1 264 3 view .LVU10
  68              		.loc 1 264 3 view .LVU11
  69 0024 E36C     		ldr	r3, [r4, #76]
  70 0026 43F08003 		orr	r3, r3, #128
  71 002a E364     		str	r3, [r4, #76]
  72              		.loc 1 264 3 view .LVU12
  73 002c E36C     		ldr	r3, [r4, #76]
  74 002e 03F08003 		and	r3, r3, #128
  75 0032 0193     		str	r3, [sp, #4]
  76              		.loc 1 264 3 view .LVU13
  77 0034 019B     		ldr	r3, [sp, #4]
  78              	.LBE5:
  79              		.loc 1 264 3 view .LVU14
ARM GAS  C:\Users\curti\AppData\Local\Temp\ccL9DN3K.s 			page 7


 265:Core/Src/main.c ****   __HAL_RCC_GPIOB_CLK_ENABLE();
  80              		.loc 1 265 3 view .LVU15
  81              	.LBB6:
  82              		.loc 1 265 3 view .LVU16
  83              		.loc 1 265 3 view .LVU17
  84 0036 E36C     		ldr	r3, [r4, #76]
  85 0038 43F00203 		orr	r3, r3, #2
  86 003c E364     		str	r3, [r4, #76]
  87              		.loc 1 265 3 view .LVU18
  88 003e E36C     		ldr	r3, [r4, #76]
  89 0040 03F00203 		and	r3, r3, #2
  90 0044 0293     		str	r3, [sp, #8]
  91              		.loc 1 265 3 view .LVU19
  92 0046 029B     		ldr	r3, [sp, #8]
  93              	.LBE6:
  94              		.loc 1 265 3 view .LVU20
 266:Core/Src/main.c ****   __HAL_RCC_GPIOG_CLK_ENABLE();
  95              		.loc 1 266 3 view .LVU21
  96              	.LBB7:
  97              		.loc 1 266 3 view .LVU22
  98              		.loc 1 266 3 view .LVU23
  99 0048 E36C     		ldr	r3, [r4, #76]
 100 004a 43F04003 		orr	r3, r3, #64
 101 004e E364     		str	r3, [r4, #76]
 102              		.loc 1 266 3 view .LVU24
 103 0050 E36C     		ldr	r3, [r4, #76]
 104 0052 03F04003 		and	r3, r3, #64
 105 0056 0393     		str	r3, [sp, #12]
 106              		.loc 1 266 3 view .LVU25
 107 0058 039B     		ldr	r3, [sp, #12]
 108              	.LBE7:
 109              		.loc 1 266 3 view .LVU26
 267:Core/Src/main.c ****   HAL_PWREx_EnableVddIO2();
 110              		.loc 1 267 3 view .LVU27
 111 005a FFF7FEFF 		bl	HAL_PWREx_EnableVddIO2
 112              	.LVL0:
 268:Core/Src/main.c ****   __HAL_RCC_GPIOA_CLK_ENABLE();
 113              		.loc 1 268 3 view .LVU28
 114              	.LBB8:
 115              		.loc 1 268 3 view .LVU29
 116              		.loc 1 268 3 view .LVU30
 117 005e E36C     		ldr	r3, [r4, #76]
 118 0060 43F00103 		orr	r3, r3, #1
 119 0064 E364     		str	r3, [r4, #76]
 120              		.loc 1 268 3 view .LVU31
 121 0066 E36C     		ldr	r3, [r4, #76]
 122 0068 03F00103 		and	r3, r3, #1
 123 006c 0493     		str	r3, [sp, #16]
 124              		.loc 1 268 3 view .LVU32
 125 006e 049B     		ldr	r3, [sp, #16]
 126              	.LBE8:
 127              		.loc 1 268 3 view .LVU33
 269:Core/Src/main.c **** 
 270:Core/Src/main.c ****   /*Configure GPIO pin Output Level */
 271:Core/Src/main.c ****   HAL_GPIO_WritePin(GPIOB, LD3_Pin|LD2_Pin, GPIO_PIN_RESET);
 128              		.loc 1 271 3 view .LVU34
 129 0070 1B4F     		ldr	r7, .L3+4
ARM GAS  C:\Users\curti\AppData\Local\Temp\ccL9DN3K.s 			page 8


 130 0072 2A46     		mov	r2, r5
 131 0074 4FF48141 		mov	r1, #16512
 132 0078 3846     		mov	r0, r7
 133 007a FFF7FEFF 		bl	HAL_GPIO_WritePin
 134              	.LVL1:
 272:Core/Src/main.c **** 
 273:Core/Src/main.c ****   /*Configure GPIO pin Output Level */
 274:Core/Src/main.c ****   HAL_GPIO_WritePin(USB_PowerSwitchOn_GPIO_Port, USB_PowerSwitchOn_Pin, GPIO_PIN_RESET);
 135              		.loc 1 274 3 view .LVU35
 136 007e 194C     		ldr	r4, .L3+8
 137 0080 2A46     		mov	r2, r5
 138 0082 4021     		movs	r1, #64
 139 0084 2046     		mov	r0, r4
 140 0086 FFF7FEFF 		bl	HAL_GPIO_WritePin
 141              	.LVL2:
 275:Core/Src/main.c **** 
 276:Core/Src/main.c ****   /*Configure GPIO pin : B1_Pin */
 277:Core/Src/main.c ****   GPIO_InitStruct.Pin = B1_Pin;
 142              		.loc 1 277 3 view .LVU36
 143              		.loc 1 277 23 is_stmt 0 view .LVU37
 144 008a 4FF40053 		mov	r3, #8192
 145 008e 0593     		str	r3, [sp, #20]
 278:Core/Src/main.c ****   GPIO_InitStruct.Mode = GPIO_MODE_IT_RISING;
 146              		.loc 1 278 3 is_stmt 1 view .LVU38
 147              		.loc 1 278 24 is_stmt 0 view .LVU39
 148 0090 4FF48813 		mov	r3, #1114112
 149 0094 0693     		str	r3, [sp, #24]
 279:Core/Src/main.c ****   GPIO_InitStruct.Pull = GPIO_NOPULL;
 150              		.loc 1 279 3 is_stmt 1 view .LVU40
 151              		.loc 1 279 24 is_stmt 0 view .LVU41
 152 0096 0795     		str	r5, [sp, #28]
 280:Core/Src/main.c ****   HAL_GPIO_Init(B1_GPIO_Port, &GPIO_InitStruct);
 153              		.loc 1 280 3 is_stmt 1 view .LVU42
 154 0098 05A9     		add	r1, sp, #20
 155 009a 1348     		ldr	r0, .L3+12
 156 009c FFF7FEFF 		bl	HAL_GPIO_Init
 157              	.LVL3:
 281:Core/Src/main.c **** 
 282:Core/Src/main.c ****   /*Configure GPIO pins : LD3_Pin LD2_Pin */
 283:Core/Src/main.c ****   GPIO_InitStruct.Pin = LD3_Pin|LD2_Pin;
 158              		.loc 1 283 3 view .LVU43
 159              		.loc 1 283 23 is_stmt 0 view .LVU44
 160 00a0 4FF48143 		mov	r3, #16512
 161 00a4 0593     		str	r3, [sp, #20]
 284:Core/Src/main.c ****   GPIO_InitStruct.Mode = GPIO_MODE_OUTPUT_PP;
 162              		.loc 1 284 3 is_stmt 1 view .LVU45
 163              		.loc 1 284 24 is_stmt 0 view .LVU46
 164 00a6 0126     		movs	r6, #1
 165 00a8 0696     		str	r6, [sp, #24]
 285:Core/Src/main.c ****   GPIO_InitStruct.Pull = GPIO_NOPULL;
 166              		.loc 1 285 3 is_stmt 1 view .LVU47
 167              		.loc 1 285 24 is_stmt 0 view .LVU48
 168 00aa 0795     		str	r5, [sp, #28]
 286:Core/Src/main.c ****   GPIO_InitStruct.Speed = GPIO_SPEED_FREQ_LOW;
 169              		.loc 1 286 3 is_stmt 1 view .LVU49
 170              		.loc 1 286 25 is_stmt 0 view .LVU50
 171 00ac 0895     		str	r5, [sp, #32]
ARM GAS  C:\Users\curti\AppData\Local\Temp\ccL9DN3K.s 			page 9


 287:Core/Src/main.c ****   HAL_GPIO_Init(GPIOB, &GPIO_InitStruct);
 172              		.loc 1 287 3 is_stmt 1 view .LVU51
 173 00ae 05A9     		add	r1, sp, #20
 174 00b0 3846     		mov	r0, r7
 175 00b2 FFF7FEFF 		bl	HAL_GPIO_Init
 176              	.LVL4:
 288:Core/Src/main.c **** 
 289:Core/Src/main.c ****   /*Configure GPIO pin : USB_OverCurrent_Pin */
 290:Core/Src/main.c ****   GPIO_InitStruct.Pin = USB_OverCurrent_Pin;
 177              		.loc 1 290 3 view .LVU52
 178              		.loc 1 290 23 is_stmt 0 view .LVU53
 179 00b6 2023     		movs	r3, #32
 180 00b8 0593     		str	r3, [sp, #20]
 291:Core/Src/main.c ****   GPIO_InitStruct.Mode = GPIO_MODE_INPUT;
 181              		.loc 1 291 3 is_stmt 1 view .LVU54
 182              		.loc 1 291 24 is_stmt 0 view .LVU55
 183 00ba 0695     		str	r5, [sp, #24]
 292:Core/Src/main.c ****   GPIO_InitStruct.Pull = GPIO_NOPULL;
 184              		.loc 1 292 3 is_stmt 1 view .LVU56
 185              		.loc 1 292 24 is_stmt 0 view .LVU57
 186 00bc 0795     		str	r5, [sp, #28]
 293:Core/Src/main.c ****   HAL_GPIO_Init(USB_OverCurrent_GPIO_Port, &GPIO_InitStruct);
 187              		.loc 1 293 3 is_stmt 1 view .LVU58
 188 00be 05A9     		add	r1, sp, #20
 189 00c0 2046     		mov	r0, r4
 190 00c2 FFF7FEFF 		bl	HAL_GPIO_Init
 191              	.LVL5:
 294:Core/Src/main.c **** 
 295:Core/Src/main.c ****   /*Configure GPIO pin : USB_PowerSwitchOn_Pin */
 296:Core/Src/main.c ****   GPIO_InitStruct.Pin = USB_PowerSwitchOn_Pin;
 192              		.loc 1 296 3 view .LVU59
 193              		.loc 1 296 23 is_stmt 0 view .LVU60
 194 00c6 4023     		movs	r3, #64
 195 00c8 0593     		str	r3, [sp, #20]
 297:Core/Src/main.c ****   GPIO_InitStruct.Mode = GPIO_MODE_OUTPUT_PP;
 196              		.loc 1 297 3 is_stmt 1 view .LVU61
 197              		.loc 1 297 24 is_stmt 0 view .LVU62
 198 00ca 0696     		str	r6, [sp, #24]
 298:Core/Src/main.c ****   GPIO_InitStruct.Pull = GPIO_NOPULL;
 199              		.loc 1 298 3 is_stmt 1 view .LVU63
 200              		.loc 1 298 24 is_stmt 0 view .LVU64
 201 00cc 0795     		str	r5, [sp, #28]
 299:Core/Src/main.c ****   GPIO_InitStruct.Speed = GPIO_SPEED_FREQ_LOW;
 202              		.loc 1 299 3 is_stmt 1 view .LVU65
 203              		.loc 1 299 25 is_stmt 0 view .LVU66
 204 00ce 0895     		str	r5, [sp, #32]
 300:Core/Src/main.c ****   HAL_GPIO_Init(USB_PowerSwitchOn_GPIO_Port, &GPIO_InitStruct);
 205              		.loc 1 300 3 is_stmt 1 view .LVU67
 206 00d0 05A9     		add	r1, sp, #20
 207 00d2 2046     		mov	r0, r4
 208 00d4 FFF7FEFF 		bl	HAL_GPIO_Init
 209              	.LVL6:
 301:Core/Src/main.c **** 
 302:Core/Src/main.c **** /* USER CODE BEGIN MX_GPIO_Init_2 */
 303:Core/Src/main.c **** /* USER CODE END MX_GPIO_Init_2 */
 304:Core/Src/main.c **** }
 210              		.loc 1 304 1 is_stmt 0 view .LVU68
ARM GAS  C:\Users\curti\AppData\Local\Temp\ccL9DN3K.s 			page 10


 211 00d8 0BB0     		add	sp, sp, #44
 212              		.cfi_def_cfa_offset 20
 213              		@ sp needed
 214 00da F0BD     		pop	{r4, r5, r6, r7, pc}
 215              	.L4:
 216              		.align	2
 217              	.L3:
 218 00dc 00100240 		.word	1073876992
 219 00e0 00040048 		.word	1207960576
 220 00e4 00180048 		.word	1207965696
 221 00e8 00080048 		.word	1207961600
 222              		.cfi_endproc
 223              	.LFE136:
 225              		.section	.text.Error_Handler,"ax",%progbits
 226              		.align	1
 227              		.global	Error_Handler
 228              		.syntax unified
 229              		.thumb
 230              		.thumb_func
 232              	Error_Handler:
 233              	.LFB137:
 305:Core/Src/main.c **** 
 306:Core/Src/main.c **** /* USER CODE BEGIN 4 */
 307:Core/Src/main.c **** 
 308:Core/Src/main.c **** /* USER CODE END 4 */
 309:Core/Src/main.c **** 
 310:Core/Src/main.c **** /**
 311:Core/Src/main.c ****   * @brief  This function is executed in case of error occurrence.
 312:Core/Src/main.c ****   * @retval None
 313:Core/Src/main.c ****   */
 314:Core/Src/main.c **** void Error_Handler(void)
 315:Core/Src/main.c **** {
 234              		.loc 1 315 1 is_stmt 1 view -0
 235              		.cfi_startproc
 236              		@ Volatile: function does not return.
 237              		@ args = 0, pretend = 0, frame = 0
 238              		@ frame_needed = 0, uses_anonymous_args = 0
 239              		@ link register save eliminated.
 316:Core/Src/main.c ****   /* USER CODE BEGIN Error_Handler_Debug */
 317:Core/Src/main.c ****   /* User can add his own implementation to report the HAL error return state */
 318:Core/Src/main.c ****   __disable_irq();
 240              		.loc 1 318 3 view .LVU70
 241              	.LBB9:
 242              	.LBI9:
 243              		.file 2 "Drivers/CMSIS/Include/cmsis_gcc.h"
   1:Drivers/CMSIS/Include/cmsis_gcc.h **** /**************************************************************************//**
   2:Drivers/CMSIS/Include/cmsis_gcc.h ****  * @file     cmsis_gcc.h
   3:Drivers/CMSIS/Include/cmsis_gcc.h ****  * @brief    CMSIS compiler GCC header file
   4:Drivers/CMSIS/Include/cmsis_gcc.h ****  * @version  V5.2.0
   5:Drivers/CMSIS/Include/cmsis_gcc.h ****  * @date     08. May 2019
   6:Drivers/CMSIS/Include/cmsis_gcc.h ****  ******************************************************************************/
   7:Drivers/CMSIS/Include/cmsis_gcc.h **** /*
   8:Drivers/CMSIS/Include/cmsis_gcc.h ****  * Copyright (c) 2009-2019 Arm Limited. All rights reserved.
   9:Drivers/CMSIS/Include/cmsis_gcc.h ****  *
  10:Drivers/CMSIS/Include/cmsis_gcc.h ****  * SPDX-License-Identifier: Apache-2.0
  11:Drivers/CMSIS/Include/cmsis_gcc.h ****  *
  12:Drivers/CMSIS/Include/cmsis_gcc.h ****  * Licensed under the Apache License, Version 2.0 (the License); you may
ARM GAS  C:\Users\curti\AppData\Local\Temp\ccL9DN3K.s 			page 11


  13:Drivers/CMSIS/Include/cmsis_gcc.h ****  * not use this file except in compliance with the License.
  14:Drivers/CMSIS/Include/cmsis_gcc.h ****  * You may obtain a copy of the License at
  15:Drivers/CMSIS/Include/cmsis_gcc.h ****  *
  16:Drivers/CMSIS/Include/cmsis_gcc.h ****  * www.apache.org/licenses/LICENSE-2.0
  17:Drivers/CMSIS/Include/cmsis_gcc.h ****  *
  18:Drivers/CMSIS/Include/cmsis_gcc.h ****  * Unless required by applicable law or agreed to in writing, software
  19:Drivers/CMSIS/Include/cmsis_gcc.h ****  * distributed under the License is distributed on an AS IS BASIS, WITHOUT
  20:Drivers/CMSIS/Include/cmsis_gcc.h ****  * WARRANTIES OR CONDITIONS OF ANY KIND, either express or implied.
  21:Drivers/CMSIS/Include/cmsis_gcc.h ****  * See the License for the specific language governing permissions and
  22:Drivers/CMSIS/Include/cmsis_gcc.h ****  * limitations under the License.
  23:Drivers/CMSIS/Include/cmsis_gcc.h ****  */
  24:Drivers/CMSIS/Include/cmsis_gcc.h **** 
  25:Drivers/CMSIS/Include/cmsis_gcc.h **** #ifndef __CMSIS_GCC_H
  26:Drivers/CMSIS/Include/cmsis_gcc.h **** #define __CMSIS_GCC_H
  27:Drivers/CMSIS/Include/cmsis_gcc.h **** 
  28:Drivers/CMSIS/Include/cmsis_gcc.h **** /* ignore some GCC warnings */
  29:Drivers/CMSIS/Include/cmsis_gcc.h **** #pragma GCC diagnostic push
  30:Drivers/CMSIS/Include/cmsis_gcc.h **** #pragma GCC diagnostic ignored "-Wsign-conversion"
  31:Drivers/CMSIS/Include/cmsis_gcc.h **** #pragma GCC diagnostic ignored "-Wconversion"
  32:Drivers/CMSIS/Include/cmsis_gcc.h **** #pragma GCC diagnostic ignored "-Wunused-parameter"
  33:Drivers/CMSIS/Include/cmsis_gcc.h **** 
  34:Drivers/CMSIS/Include/cmsis_gcc.h **** /* Fallback for __has_builtin */
  35:Drivers/CMSIS/Include/cmsis_gcc.h **** #ifndef __has_builtin
  36:Drivers/CMSIS/Include/cmsis_gcc.h ****   #define __has_builtin(x) (0)
  37:Drivers/CMSIS/Include/cmsis_gcc.h **** #endif
  38:Drivers/CMSIS/Include/cmsis_gcc.h **** 
  39:Drivers/CMSIS/Include/cmsis_gcc.h **** /* CMSIS compiler specific defines */
  40:Drivers/CMSIS/Include/cmsis_gcc.h **** #ifndef   __ASM
  41:Drivers/CMSIS/Include/cmsis_gcc.h ****   #define __ASM                                  __asm
  42:Drivers/CMSIS/Include/cmsis_gcc.h **** #endif
  43:Drivers/CMSIS/Include/cmsis_gcc.h **** #ifndef   __INLINE
  44:Drivers/CMSIS/Include/cmsis_gcc.h ****   #define __INLINE                               inline
  45:Drivers/CMSIS/Include/cmsis_gcc.h **** #endif
  46:Drivers/CMSIS/Include/cmsis_gcc.h **** #ifndef   __STATIC_INLINE
  47:Drivers/CMSIS/Include/cmsis_gcc.h ****   #define __STATIC_INLINE                        static inline
  48:Drivers/CMSIS/Include/cmsis_gcc.h **** #endif
  49:Drivers/CMSIS/Include/cmsis_gcc.h **** #ifndef   __STATIC_FORCEINLINE                 
  50:Drivers/CMSIS/Include/cmsis_gcc.h ****   #define __STATIC_FORCEINLINE                   __attribute__((always_inline)) static inline
  51:Drivers/CMSIS/Include/cmsis_gcc.h **** #endif                                           
  52:Drivers/CMSIS/Include/cmsis_gcc.h **** #ifndef   __NO_RETURN
  53:Drivers/CMSIS/Include/cmsis_gcc.h ****   #define __NO_RETURN                            __attribute__((__noreturn__))
  54:Drivers/CMSIS/Include/cmsis_gcc.h **** #endif
  55:Drivers/CMSIS/Include/cmsis_gcc.h **** #ifndef   __USED
  56:Drivers/CMSIS/Include/cmsis_gcc.h ****   #define __USED                                 __attribute__((used))
  57:Drivers/CMSIS/Include/cmsis_gcc.h **** #endif
  58:Drivers/CMSIS/Include/cmsis_gcc.h **** #ifndef   __WEAK
  59:Drivers/CMSIS/Include/cmsis_gcc.h ****   #define __WEAK                                 __attribute__((weak))
  60:Drivers/CMSIS/Include/cmsis_gcc.h **** #endif
  61:Drivers/CMSIS/Include/cmsis_gcc.h **** #ifndef   __PACKED
  62:Drivers/CMSIS/Include/cmsis_gcc.h ****   #define __PACKED                               __attribute__((packed, aligned(1)))
  63:Drivers/CMSIS/Include/cmsis_gcc.h **** #endif
  64:Drivers/CMSIS/Include/cmsis_gcc.h **** #ifndef   __PACKED_STRUCT
  65:Drivers/CMSIS/Include/cmsis_gcc.h ****   #define __PACKED_STRUCT                        struct __attribute__((packed, aligned(1)))
  66:Drivers/CMSIS/Include/cmsis_gcc.h **** #endif
  67:Drivers/CMSIS/Include/cmsis_gcc.h **** #ifndef   __PACKED_UNION
  68:Drivers/CMSIS/Include/cmsis_gcc.h ****   #define __PACKED_UNION                         union __attribute__((packed, aligned(1)))
  69:Drivers/CMSIS/Include/cmsis_gcc.h **** #endif
ARM GAS  C:\Users\curti\AppData\Local\Temp\ccL9DN3K.s 			page 12


  70:Drivers/CMSIS/Include/cmsis_gcc.h **** #ifndef   __UNALIGNED_UINT32        /* deprecated */
  71:Drivers/CMSIS/Include/cmsis_gcc.h ****   #pragma GCC diagnostic push
  72:Drivers/CMSIS/Include/cmsis_gcc.h ****   #pragma GCC diagnostic ignored "-Wpacked"
  73:Drivers/CMSIS/Include/cmsis_gcc.h ****   #pragma GCC diagnostic ignored "-Wattributes"
  74:Drivers/CMSIS/Include/cmsis_gcc.h ****   struct __attribute__((packed)) T_UINT32 { uint32_t v; };
  75:Drivers/CMSIS/Include/cmsis_gcc.h ****   #pragma GCC diagnostic pop
  76:Drivers/CMSIS/Include/cmsis_gcc.h ****   #define __UNALIGNED_UINT32(x)                  (((struct T_UINT32 *)(x))->v)
  77:Drivers/CMSIS/Include/cmsis_gcc.h **** #endif
  78:Drivers/CMSIS/Include/cmsis_gcc.h **** #ifndef   __UNALIGNED_UINT16_WRITE
  79:Drivers/CMSIS/Include/cmsis_gcc.h ****   #pragma GCC diagnostic push
  80:Drivers/CMSIS/Include/cmsis_gcc.h ****   #pragma GCC diagnostic ignored "-Wpacked"
  81:Drivers/CMSIS/Include/cmsis_gcc.h ****   #pragma GCC diagnostic ignored "-Wattributes"
  82:Drivers/CMSIS/Include/cmsis_gcc.h ****   __PACKED_STRUCT T_UINT16_WRITE { uint16_t v; };
  83:Drivers/CMSIS/Include/cmsis_gcc.h ****   #pragma GCC diagnostic pop
  84:Drivers/CMSIS/Include/cmsis_gcc.h ****   #define __UNALIGNED_UINT16_WRITE(addr, val)    (void)((((struct T_UINT16_WRITE *)(void *)(addr))-
  85:Drivers/CMSIS/Include/cmsis_gcc.h **** #endif
  86:Drivers/CMSIS/Include/cmsis_gcc.h **** #ifndef   __UNALIGNED_UINT16_READ
  87:Drivers/CMSIS/Include/cmsis_gcc.h ****   #pragma GCC diagnostic push
  88:Drivers/CMSIS/Include/cmsis_gcc.h ****   #pragma GCC diagnostic ignored "-Wpacked"
  89:Drivers/CMSIS/Include/cmsis_gcc.h ****   #pragma GCC diagnostic ignored "-Wattributes"
  90:Drivers/CMSIS/Include/cmsis_gcc.h ****   __PACKED_STRUCT T_UINT16_READ { uint16_t v; };
  91:Drivers/CMSIS/Include/cmsis_gcc.h ****   #pragma GCC diagnostic pop
  92:Drivers/CMSIS/Include/cmsis_gcc.h ****   #define __UNALIGNED_UINT16_READ(addr)          (((const struct T_UINT16_READ *)(const void *)(add
  93:Drivers/CMSIS/Include/cmsis_gcc.h **** #endif
  94:Drivers/CMSIS/Include/cmsis_gcc.h **** #ifndef   __UNALIGNED_UINT32_WRITE
  95:Drivers/CMSIS/Include/cmsis_gcc.h ****   #pragma GCC diagnostic push
  96:Drivers/CMSIS/Include/cmsis_gcc.h ****   #pragma GCC diagnostic ignored "-Wpacked"
  97:Drivers/CMSIS/Include/cmsis_gcc.h ****   #pragma GCC diagnostic ignored "-Wattributes"
  98:Drivers/CMSIS/Include/cmsis_gcc.h ****   __PACKED_STRUCT T_UINT32_WRITE { uint32_t v; };
  99:Drivers/CMSIS/Include/cmsis_gcc.h ****   #pragma GCC diagnostic pop
 100:Drivers/CMSIS/Include/cmsis_gcc.h ****   #define __UNALIGNED_UINT32_WRITE(addr, val)    (void)((((struct T_UINT32_WRITE *)(void *)(addr))-
 101:Drivers/CMSIS/Include/cmsis_gcc.h **** #endif
 102:Drivers/CMSIS/Include/cmsis_gcc.h **** #ifndef   __UNALIGNED_UINT32_READ
 103:Drivers/CMSIS/Include/cmsis_gcc.h ****   #pragma GCC diagnostic push
 104:Drivers/CMSIS/Include/cmsis_gcc.h ****   #pragma GCC diagnostic ignored "-Wpacked"
 105:Drivers/CMSIS/Include/cmsis_gcc.h ****   #pragma GCC diagnostic ignored "-Wattributes"
 106:Drivers/CMSIS/Include/cmsis_gcc.h ****   __PACKED_STRUCT T_UINT32_READ { uint32_t v; };
 107:Drivers/CMSIS/Include/cmsis_gcc.h ****   #pragma GCC diagnostic pop
 108:Drivers/CMSIS/Include/cmsis_gcc.h ****   #define __UNALIGNED_UINT32_READ(addr)          (((const struct T_UINT32_READ *)(const void *)(add
 109:Drivers/CMSIS/Include/cmsis_gcc.h **** #endif
 110:Drivers/CMSIS/Include/cmsis_gcc.h **** #ifndef   __ALIGNED
 111:Drivers/CMSIS/Include/cmsis_gcc.h ****   #define __ALIGNED(x)                           __attribute__((aligned(x)))
 112:Drivers/CMSIS/Include/cmsis_gcc.h **** #endif
 113:Drivers/CMSIS/Include/cmsis_gcc.h **** #ifndef   __RESTRICT
 114:Drivers/CMSIS/Include/cmsis_gcc.h ****   #define __RESTRICT                             __restrict
 115:Drivers/CMSIS/Include/cmsis_gcc.h **** #endif
 116:Drivers/CMSIS/Include/cmsis_gcc.h **** #ifndef   __COMPILER_BARRIER
 117:Drivers/CMSIS/Include/cmsis_gcc.h ****   #define __COMPILER_BARRIER()                   __ASM volatile("":::"memory")
 118:Drivers/CMSIS/Include/cmsis_gcc.h **** #endif
 119:Drivers/CMSIS/Include/cmsis_gcc.h **** 
 120:Drivers/CMSIS/Include/cmsis_gcc.h **** /* #########################  Startup and Lowlevel Init  ######################## */
 121:Drivers/CMSIS/Include/cmsis_gcc.h **** 
 122:Drivers/CMSIS/Include/cmsis_gcc.h **** #ifndef __PROGRAM_START
 123:Drivers/CMSIS/Include/cmsis_gcc.h **** 
 124:Drivers/CMSIS/Include/cmsis_gcc.h **** /**
 125:Drivers/CMSIS/Include/cmsis_gcc.h ****   \brief   Initializes data and bss sections
 126:Drivers/CMSIS/Include/cmsis_gcc.h ****   \details This default implementations initialized all data and additional bss
ARM GAS  C:\Users\curti\AppData\Local\Temp\ccL9DN3K.s 			page 13


 127:Drivers/CMSIS/Include/cmsis_gcc.h ****            sections relying on .copy.table and .zero.table specified properly
 128:Drivers/CMSIS/Include/cmsis_gcc.h ****            in the used linker script.
 129:Drivers/CMSIS/Include/cmsis_gcc.h ****   
 130:Drivers/CMSIS/Include/cmsis_gcc.h ****  */
 131:Drivers/CMSIS/Include/cmsis_gcc.h **** __STATIC_FORCEINLINE __NO_RETURN void __cmsis_start(void)
 132:Drivers/CMSIS/Include/cmsis_gcc.h **** {
 133:Drivers/CMSIS/Include/cmsis_gcc.h ****   extern void _start(void) __NO_RETURN;
 134:Drivers/CMSIS/Include/cmsis_gcc.h ****   
 135:Drivers/CMSIS/Include/cmsis_gcc.h ****   typedef struct {
 136:Drivers/CMSIS/Include/cmsis_gcc.h ****     uint32_t const* src;
 137:Drivers/CMSIS/Include/cmsis_gcc.h ****     uint32_t* dest;
 138:Drivers/CMSIS/Include/cmsis_gcc.h ****     uint32_t  wlen;
 139:Drivers/CMSIS/Include/cmsis_gcc.h ****   } __copy_table_t;
 140:Drivers/CMSIS/Include/cmsis_gcc.h ****   
 141:Drivers/CMSIS/Include/cmsis_gcc.h ****   typedef struct {
 142:Drivers/CMSIS/Include/cmsis_gcc.h ****     uint32_t* dest;
 143:Drivers/CMSIS/Include/cmsis_gcc.h ****     uint32_t  wlen;
 144:Drivers/CMSIS/Include/cmsis_gcc.h ****   } __zero_table_t;
 145:Drivers/CMSIS/Include/cmsis_gcc.h ****   
 146:Drivers/CMSIS/Include/cmsis_gcc.h ****   extern const __copy_table_t __copy_table_start__;
 147:Drivers/CMSIS/Include/cmsis_gcc.h ****   extern const __copy_table_t __copy_table_end__;
 148:Drivers/CMSIS/Include/cmsis_gcc.h ****   extern const __zero_table_t __zero_table_start__;
 149:Drivers/CMSIS/Include/cmsis_gcc.h ****   extern const __zero_table_t __zero_table_end__;
 150:Drivers/CMSIS/Include/cmsis_gcc.h **** 
 151:Drivers/CMSIS/Include/cmsis_gcc.h ****   for (__copy_table_t const* pTable = &__copy_table_start__; pTable < &__copy_table_end__; ++pTable
 152:Drivers/CMSIS/Include/cmsis_gcc.h ****     for(uint32_t i=0u; i<pTable->wlen; ++i) {
 153:Drivers/CMSIS/Include/cmsis_gcc.h ****       pTable->dest[i] = pTable->src[i];
 154:Drivers/CMSIS/Include/cmsis_gcc.h ****     }
 155:Drivers/CMSIS/Include/cmsis_gcc.h ****   }
 156:Drivers/CMSIS/Include/cmsis_gcc.h ****  
 157:Drivers/CMSIS/Include/cmsis_gcc.h ****   for (__zero_table_t const* pTable = &__zero_table_start__; pTable < &__zero_table_end__; ++pTable
 158:Drivers/CMSIS/Include/cmsis_gcc.h ****     for(uint32_t i=0u; i<pTable->wlen; ++i) {
 159:Drivers/CMSIS/Include/cmsis_gcc.h ****       pTable->dest[i] = 0u;
 160:Drivers/CMSIS/Include/cmsis_gcc.h ****     }
 161:Drivers/CMSIS/Include/cmsis_gcc.h ****   }
 162:Drivers/CMSIS/Include/cmsis_gcc.h ****  
 163:Drivers/CMSIS/Include/cmsis_gcc.h ****   _start();
 164:Drivers/CMSIS/Include/cmsis_gcc.h **** }
 165:Drivers/CMSIS/Include/cmsis_gcc.h ****   
 166:Drivers/CMSIS/Include/cmsis_gcc.h **** #define __PROGRAM_START           __cmsis_start
 167:Drivers/CMSIS/Include/cmsis_gcc.h **** #endif
 168:Drivers/CMSIS/Include/cmsis_gcc.h **** 
 169:Drivers/CMSIS/Include/cmsis_gcc.h **** #ifndef __INITIAL_SP
 170:Drivers/CMSIS/Include/cmsis_gcc.h **** #define __INITIAL_SP              __StackTop
 171:Drivers/CMSIS/Include/cmsis_gcc.h **** #endif
 172:Drivers/CMSIS/Include/cmsis_gcc.h **** 
 173:Drivers/CMSIS/Include/cmsis_gcc.h **** #ifndef __STACK_LIMIT
 174:Drivers/CMSIS/Include/cmsis_gcc.h **** #define __STACK_LIMIT             __StackLimit
 175:Drivers/CMSIS/Include/cmsis_gcc.h **** #endif
 176:Drivers/CMSIS/Include/cmsis_gcc.h **** 
 177:Drivers/CMSIS/Include/cmsis_gcc.h **** #ifndef __VECTOR_TABLE
 178:Drivers/CMSIS/Include/cmsis_gcc.h **** #define __VECTOR_TABLE            __Vectors
 179:Drivers/CMSIS/Include/cmsis_gcc.h **** #endif
 180:Drivers/CMSIS/Include/cmsis_gcc.h **** 
 181:Drivers/CMSIS/Include/cmsis_gcc.h **** #ifndef __VECTOR_TABLE_ATTRIBUTE
 182:Drivers/CMSIS/Include/cmsis_gcc.h **** #define __VECTOR_TABLE_ATTRIBUTE  __attribute((used, section(".vectors")))
 183:Drivers/CMSIS/Include/cmsis_gcc.h **** #endif
ARM GAS  C:\Users\curti\AppData\Local\Temp\ccL9DN3K.s 			page 14


 184:Drivers/CMSIS/Include/cmsis_gcc.h **** 
 185:Drivers/CMSIS/Include/cmsis_gcc.h **** /* ###########################  Core Function Access  ########################### */
 186:Drivers/CMSIS/Include/cmsis_gcc.h **** /** \ingroup  CMSIS_Core_FunctionInterface
 187:Drivers/CMSIS/Include/cmsis_gcc.h ****     \defgroup CMSIS_Core_RegAccFunctions CMSIS Core Register Access Functions
 188:Drivers/CMSIS/Include/cmsis_gcc.h ****   @{
 189:Drivers/CMSIS/Include/cmsis_gcc.h ****  */
 190:Drivers/CMSIS/Include/cmsis_gcc.h **** 
 191:Drivers/CMSIS/Include/cmsis_gcc.h **** /**
 192:Drivers/CMSIS/Include/cmsis_gcc.h ****   \brief   Enable IRQ Interrupts
 193:Drivers/CMSIS/Include/cmsis_gcc.h ****   \details Enables IRQ interrupts by clearing the I-bit in the CPSR.
 194:Drivers/CMSIS/Include/cmsis_gcc.h ****            Can only be executed in Privileged modes.
 195:Drivers/CMSIS/Include/cmsis_gcc.h ****  */
 196:Drivers/CMSIS/Include/cmsis_gcc.h **** __STATIC_FORCEINLINE void __enable_irq(void)
 197:Drivers/CMSIS/Include/cmsis_gcc.h **** {
 198:Drivers/CMSIS/Include/cmsis_gcc.h ****   __ASM volatile ("cpsie i" : : : "memory");
 199:Drivers/CMSIS/Include/cmsis_gcc.h **** }
 200:Drivers/CMSIS/Include/cmsis_gcc.h **** 
 201:Drivers/CMSIS/Include/cmsis_gcc.h **** 
 202:Drivers/CMSIS/Include/cmsis_gcc.h **** /**
 203:Drivers/CMSIS/Include/cmsis_gcc.h ****   \brief   Disable IRQ Interrupts
 204:Drivers/CMSIS/Include/cmsis_gcc.h ****   \details Disables IRQ interrupts by setting the I-bit in the CPSR.
 205:Drivers/CMSIS/Include/cmsis_gcc.h ****            Can only be executed in Privileged modes.
 206:Drivers/CMSIS/Include/cmsis_gcc.h ****  */
 207:Drivers/CMSIS/Include/cmsis_gcc.h **** __STATIC_FORCEINLINE void __disable_irq(void)
 244              		.loc 2 207 27 view .LVU71
 245              	.LBB10:
 208:Drivers/CMSIS/Include/cmsis_gcc.h **** {
 209:Drivers/CMSIS/Include/cmsis_gcc.h ****   __ASM volatile ("cpsid i" : : : "memory");
 246              		.loc 2 209 3 view .LVU72
 247              		.syntax unified
 248              	@ 209 "Drivers/CMSIS/Include/cmsis_gcc.h" 1
 249 0000 72B6     		cpsid i
 250              	@ 0 "" 2
 251              		.thumb
 252              		.syntax unified
 253              	.L6:
 254              	.LBE10:
 255              	.LBE9:
 319:Core/Src/main.c ****   while (1)
 256              		.loc 1 319 3 discriminator 1 view .LVU73
 320:Core/Src/main.c ****   {
 321:Core/Src/main.c ****   }
 257              		.loc 1 321 3 discriminator 1 view .LVU74
 319:Core/Src/main.c ****   while (1)
 258              		.loc 1 319 9 discriminator 1 view .LVU75
 259 0002 FEE7     		b	.L6
 260              		.cfi_endproc
 261              	.LFE137:
 263              		.section	.text.MX_LPUART1_UART_Init,"ax",%progbits
 264              		.align	1
 265              		.syntax unified
 266              		.thumb
 267              		.thumb_func
 269              	MX_LPUART1_UART_Init:
 270              	.LFB134:
 188:Core/Src/main.c **** 
 271              		.loc 1 188 1 view -0
ARM GAS  C:\Users\curti\AppData\Local\Temp\ccL9DN3K.s 			page 15


 272              		.cfi_startproc
 273              		@ args = 0, pretend = 0, frame = 0
 274              		@ frame_needed = 0, uses_anonymous_args = 0
 275 0000 08B5     		push	{r3, lr}
 276              		.cfi_def_cfa_offset 8
 277              		.cfi_offset 3, -8
 278              		.cfi_offset 14, -4
 197:Core/Src/main.c ****   hlpuart1.Init.BaudRate = 209700;
 279              		.loc 1 197 3 view .LVU77
 197:Core/Src/main.c ****   hlpuart1.Init.BaudRate = 209700;
 280              		.loc 1 197 21 is_stmt 0 view .LVU78
 281 0002 0B48     		ldr	r0, .L11
 282 0004 0B4B     		ldr	r3, .L11+4
 283 0006 0360     		str	r3, [r0]
 198:Core/Src/main.c ****   hlpuart1.Init.WordLength = UART_WORDLENGTH_7B;
 284              		.loc 1 198 3 is_stmt 1 view .LVU79
 198:Core/Src/main.c ****   hlpuart1.Init.WordLength = UART_WORDLENGTH_7B;
 285              		.loc 1 198 26 is_stmt 0 view .LVU80
 286 0008 0B4B     		ldr	r3, .L11+8
 287 000a 4360     		str	r3, [r0, #4]
 199:Core/Src/main.c ****   hlpuart1.Init.StopBits = UART_STOPBITS_1;
 288              		.loc 1 199 3 is_stmt 1 view .LVU81
 199:Core/Src/main.c ****   hlpuart1.Init.StopBits = UART_STOPBITS_1;
 289              		.loc 1 199 28 is_stmt 0 view .LVU82
 290 000c 4FF08053 		mov	r3, #268435456
 291 0010 8360     		str	r3, [r0, #8]
 200:Core/Src/main.c ****   hlpuart1.Init.Parity = UART_PARITY_NONE;
 292              		.loc 1 200 3 is_stmt 1 view .LVU83
 200:Core/Src/main.c ****   hlpuart1.Init.Parity = UART_PARITY_NONE;
 293              		.loc 1 200 26 is_stmt 0 view .LVU84
 294 0012 0023     		movs	r3, #0
 295 0014 C360     		str	r3, [r0, #12]
 201:Core/Src/main.c ****   hlpuart1.Init.Mode = UART_MODE_TX_RX;
 296              		.loc 1 201 3 is_stmt 1 view .LVU85
 201:Core/Src/main.c ****   hlpuart1.Init.Mode = UART_MODE_TX_RX;
 297              		.loc 1 201 24 is_stmt 0 view .LVU86
 298 0016 0361     		str	r3, [r0, #16]
 202:Core/Src/main.c ****   hlpuart1.Init.HwFlowCtl = UART_HWCONTROL_NONE;
 299              		.loc 1 202 3 is_stmt 1 view .LVU87
 202:Core/Src/main.c ****   hlpuart1.Init.HwFlowCtl = UART_HWCONTROL_NONE;
 300              		.loc 1 202 22 is_stmt 0 view .LVU88
 301 0018 0C22     		movs	r2, #12
 302 001a 4261     		str	r2, [r0, #20]
 203:Core/Src/main.c ****   hlpuart1.Init.OneBitSampling = UART_ONE_BIT_SAMPLE_DISABLE;
 303              		.loc 1 203 3 is_stmt 1 view .LVU89
 203:Core/Src/main.c ****   hlpuart1.Init.OneBitSampling = UART_ONE_BIT_SAMPLE_DISABLE;
 304              		.loc 1 203 27 is_stmt 0 view .LVU90
 305 001c 8361     		str	r3, [r0, #24]
 204:Core/Src/main.c ****   hlpuart1.AdvancedInit.AdvFeatureInit = UART_ADVFEATURE_NO_INIT;
 306              		.loc 1 204 3 is_stmt 1 view .LVU91
 204:Core/Src/main.c ****   hlpuart1.AdvancedInit.AdvFeatureInit = UART_ADVFEATURE_NO_INIT;
 307              		.loc 1 204 32 is_stmt 0 view .LVU92
 308 001e 0362     		str	r3, [r0, #32]
 205:Core/Src/main.c ****   if (HAL_UART_Init(&hlpuart1) != HAL_OK)
 309              		.loc 1 205 3 is_stmt 1 view .LVU93
 205:Core/Src/main.c ****   if (HAL_UART_Init(&hlpuart1) != HAL_OK)
 310              		.loc 1 205 40 is_stmt 0 view .LVU94
ARM GAS  C:\Users\curti\AppData\Local\Temp\ccL9DN3K.s 			page 16


 311 0020 4362     		str	r3, [r0, #36]
 206:Core/Src/main.c ****   {
 312              		.loc 1 206 3 is_stmt 1 view .LVU95
 206:Core/Src/main.c ****   {
 313              		.loc 1 206 7 is_stmt 0 view .LVU96
 314 0022 FFF7FEFF 		bl	HAL_UART_Init
 315              	.LVL7:
 206:Core/Src/main.c ****   {
 316              		.loc 1 206 6 view .LVU97
 317 0026 00B9     		cbnz	r0, .L10
 214:Core/Src/main.c **** 
 318              		.loc 1 214 1 view .LVU98
 319 0028 08BD     		pop	{r3, pc}
 320              	.L10:
 208:Core/Src/main.c ****   }
 321              		.loc 1 208 5 is_stmt 1 view .LVU99
 322 002a FFF7FEFF 		bl	Error_Handler
 323              	.LVL8:
 324              	.L12:
 325 002e 00BF     		.align	2
 326              	.L11:
 327 0030 00000000 		.word	hlpuart1
 328 0034 00800040 		.word	1073774592
 329 0038 24330300 		.word	209700
 330              		.cfi_endproc
 331              	.LFE134:
 333              		.section	.text.MX_USB_OTG_FS_PCD_Init,"ax",%progbits
 334              		.align	1
 335              		.syntax unified
 336              		.thumb
 337              		.thumb_func
 339              	MX_USB_OTG_FS_PCD_Init:
 340              	.LFB135:
 222:Core/Src/main.c **** 
 341              		.loc 1 222 1 view -0
 342              		.cfi_startproc
 343              		@ args = 0, pretend = 0, frame = 0
 344              		@ frame_needed = 0, uses_anonymous_args = 0
 345 0000 08B5     		push	{r3, lr}
 346              		.cfi_def_cfa_offset 8
 347              		.cfi_offset 3, -8
 348              		.cfi_offset 14, -4
 231:Core/Src/main.c ****   hpcd_USB_OTG_FS.Init.dev_endpoints = 6;
 349              		.loc 1 231 3 view .LVU101
 231:Core/Src/main.c ****   hpcd_USB_OTG_FS.Init.dev_endpoints = 6;
 350              		.loc 1 231 28 is_stmt 0 view .LVU102
 351 0002 0B48     		ldr	r0, .L17
 352 0004 4FF0A043 		mov	r3, #1342177280
 353 0008 0360     		str	r3, [r0]
 232:Core/Src/main.c ****   hpcd_USB_OTG_FS.Init.speed = PCD_SPEED_FULL;
 354              		.loc 1 232 3 is_stmt 1 view .LVU103
 232:Core/Src/main.c ****   hpcd_USB_OTG_FS.Init.speed = PCD_SPEED_FULL;
 355              		.loc 1 232 38 is_stmt 0 view .LVU104
 356 000a 0623     		movs	r3, #6
 357 000c 4360     		str	r3, [r0, #4]
 233:Core/Src/main.c ****   hpcd_USB_OTG_FS.Init.phy_itface = PCD_PHY_EMBEDDED;
 358              		.loc 1 233 3 is_stmt 1 view .LVU105
ARM GAS  C:\Users\curti\AppData\Local\Temp\ccL9DN3K.s 			page 17


 233:Core/Src/main.c ****   hpcd_USB_OTG_FS.Init.phy_itface = PCD_PHY_EMBEDDED;
 359              		.loc 1 233 30 is_stmt 0 view .LVU106
 360 000e 0223     		movs	r3, #2
 361 0010 0361     		str	r3, [r0, #16]
 234:Core/Src/main.c ****   hpcd_USB_OTG_FS.Init.Sof_enable = ENABLE;
 362              		.loc 1 234 3 is_stmt 1 view .LVU107
 234:Core/Src/main.c ****   hpcd_USB_OTG_FS.Init.Sof_enable = ENABLE;
 363              		.loc 1 234 35 is_stmt 0 view .LVU108
 364 0012 8361     		str	r3, [r0, #24]
 235:Core/Src/main.c ****   hpcd_USB_OTG_FS.Init.low_power_enable = DISABLE;
 365              		.loc 1 235 3 is_stmt 1 view .LVU109
 235:Core/Src/main.c ****   hpcd_USB_OTG_FS.Init.low_power_enable = DISABLE;
 366              		.loc 1 235 35 is_stmt 0 view .LVU110
 367 0014 0123     		movs	r3, #1
 368 0016 C361     		str	r3, [r0, #28]
 236:Core/Src/main.c ****   hpcd_USB_OTG_FS.Init.lpm_enable = DISABLE;
 369              		.loc 1 236 3 is_stmt 1 view .LVU111
 236:Core/Src/main.c ****   hpcd_USB_OTG_FS.Init.lpm_enable = DISABLE;
 370              		.loc 1 236 41 is_stmt 0 view .LVU112
 371 0018 0022     		movs	r2, #0
 372 001a 0262     		str	r2, [r0, #32]
 237:Core/Src/main.c ****   hpcd_USB_OTG_FS.Init.battery_charging_enable = ENABLE;
 373              		.loc 1 237 3 is_stmt 1 view .LVU113
 237:Core/Src/main.c ****   hpcd_USB_OTG_FS.Init.battery_charging_enable = ENABLE;
 374              		.loc 1 237 35 is_stmt 0 view .LVU114
 375 001c 4262     		str	r2, [r0, #36]
 238:Core/Src/main.c ****   hpcd_USB_OTG_FS.Init.use_dedicated_ep1 = DISABLE;
 376              		.loc 1 238 3 is_stmt 1 view .LVU115
 238:Core/Src/main.c ****   hpcd_USB_OTG_FS.Init.use_dedicated_ep1 = DISABLE;
 377              		.loc 1 238 48 is_stmt 0 view .LVU116
 378 001e 8362     		str	r3, [r0, #40]
 239:Core/Src/main.c ****   hpcd_USB_OTG_FS.Init.vbus_sensing_enable = ENABLE;
 379              		.loc 1 239 3 is_stmt 1 view .LVU117
 239:Core/Src/main.c ****   hpcd_USB_OTG_FS.Init.vbus_sensing_enable = ENABLE;
 380              		.loc 1 239 42 is_stmt 0 view .LVU118
 381 0020 0263     		str	r2, [r0, #48]
 240:Core/Src/main.c ****   if (HAL_PCD_Init(&hpcd_USB_OTG_FS) != HAL_OK)
 382              		.loc 1 240 3 is_stmt 1 view .LVU119
 240:Core/Src/main.c ****   if (HAL_PCD_Init(&hpcd_USB_OTG_FS) != HAL_OK)
 383              		.loc 1 240 44 is_stmt 0 view .LVU120
 384 0022 C362     		str	r3, [r0, #44]
 241:Core/Src/main.c ****   {
 385              		.loc 1 241 3 is_stmt 1 view .LVU121
 241:Core/Src/main.c ****   {
 386              		.loc 1 241 7 is_stmt 0 view .LVU122
 387 0024 FFF7FEFF 		bl	HAL_PCD_Init
 388              	.LVL9:
 241:Core/Src/main.c ****   {
 389              		.loc 1 241 6 view .LVU123
 390 0028 00B9     		cbnz	r0, .L16
 249:Core/Src/main.c **** 
 391              		.loc 1 249 1 view .LVU124
 392 002a 08BD     		pop	{r3, pc}
 393              	.L16:
 243:Core/Src/main.c ****   }
 394              		.loc 1 243 5 is_stmt 1 view .LVU125
 395 002c FFF7FEFF 		bl	Error_Handler
ARM GAS  C:\Users\curti\AppData\Local\Temp\ccL9DN3K.s 			page 18


 396              	.LVL10:
 397              	.L18:
 398              		.align	2
 399              	.L17:
 400 0030 00000000 		.word	hpcd_USB_OTG_FS
 401              		.cfi_endproc
 402              	.LFE135:
 404              		.section	.text.SystemClock_Config,"ax",%progbits
 405              		.align	1
 406              		.global	SystemClock_Config
 407              		.syntax unified
 408              		.thumb
 409              		.thumb_func
 411              	SystemClock_Config:
 412              	.LFB133:
 127:Core/Src/main.c ****   RCC_OscInitTypeDef RCC_OscInitStruct = {0};
 413              		.loc 1 127 1 view -0
 414              		.cfi_startproc
 415              		@ args = 0, pretend = 0, frame = 88
 416              		@ frame_needed = 0, uses_anonymous_args = 0
 417 0000 00B5     		push	{lr}
 418              		.cfi_def_cfa_offset 4
 419              		.cfi_offset 14, -4
 420 0002 97B0     		sub	sp, sp, #92
 421              		.cfi_def_cfa_offset 96
 128:Core/Src/main.c ****   RCC_ClkInitTypeDef RCC_ClkInitStruct = {0};
 422              		.loc 1 128 3 view .LVU127
 128:Core/Src/main.c ****   RCC_ClkInitTypeDef RCC_ClkInitStruct = {0};
 423              		.loc 1 128 22 is_stmt 0 view .LVU128
 424 0004 4422     		movs	r2, #68
 425 0006 0021     		movs	r1, #0
 426 0008 05A8     		add	r0, sp, #20
 427 000a FFF7FEFF 		bl	memset
 428              	.LVL11:
 129:Core/Src/main.c **** 
 429              		.loc 1 129 3 is_stmt 1 view .LVU129
 129:Core/Src/main.c **** 
 430              		.loc 1 129 22 is_stmt 0 view .LVU130
 431 000e 0023     		movs	r3, #0
 432 0010 0093     		str	r3, [sp]
 433 0012 0193     		str	r3, [sp, #4]
 434 0014 0293     		str	r3, [sp, #8]
 435 0016 0393     		str	r3, [sp, #12]
 436 0018 0493     		str	r3, [sp, #16]
 133:Core/Src/main.c ****   {
 437              		.loc 1 133 3 is_stmt 1 view .LVU131
 133:Core/Src/main.c ****   {
 438              		.loc 1 133 7 is_stmt 0 view .LVU132
 439 001a 4FF40070 		mov	r0, #512
 440 001e FFF7FEFF 		bl	HAL_PWREx_ControlVoltageScaling
 441              	.LVL12:
 133:Core/Src/main.c ****   {
 442              		.loc 1 133 6 view .LVU133
 443 0022 0028     		cmp	r0, #0
 444 0024 33D1     		bne	.L24
 140:Core/Src/main.c ****   __HAL_RCC_LSEDRIVE_CONFIG(RCC_LSEDRIVE_LOW);
 445              		.loc 1 140 3 is_stmt 1 view .LVU134
ARM GAS  C:\Users\curti\AppData\Local\Temp\ccL9DN3K.s 			page 19


 446 0026 FFF7FEFF 		bl	HAL_PWR_EnableBkUpAccess
 447              	.LVL13:
 141:Core/Src/main.c **** 
 448              		.loc 1 141 3 view .LVU135
 449 002a 1C4A     		ldr	r2, .L27
 450 002c D2F89030 		ldr	r3, [r2, #144]
 451 0030 23F01803 		bic	r3, r3, #24
 452 0034 C2F89030 		str	r3, [r2, #144]
 146:Core/Src/main.c ****   RCC_OscInitStruct.LSEState = RCC_LSE_ON;
 453              		.loc 1 146 3 view .LVU136
 146:Core/Src/main.c ****   RCC_OscInitStruct.LSEState = RCC_LSE_ON;
 454              		.loc 1 146 36 is_stmt 0 view .LVU137
 455 0038 1423     		movs	r3, #20
 456 003a 0593     		str	r3, [sp, #20]
 147:Core/Src/main.c ****   RCC_OscInitStruct.MSIState = RCC_MSI_ON;
 457              		.loc 1 147 3 is_stmt 1 view .LVU138
 147:Core/Src/main.c ****   RCC_OscInitStruct.MSIState = RCC_MSI_ON;
 458              		.loc 1 147 30 is_stmt 0 view .LVU139
 459 003c 0123     		movs	r3, #1
 460 003e 0793     		str	r3, [sp, #28]
 148:Core/Src/main.c ****   RCC_OscInitStruct.MSICalibrationValue = 0;
 461              		.loc 1 148 3 is_stmt 1 view .LVU140
 148:Core/Src/main.c ****   RCC_OscInitStruct.MSICalibrationValue = 0;
 462              		.loc 1 148 30 is_stmt 0 view .LVU141
 463 0040 0B93     		str	r3, [sp, #44]
 149:Core/Src/main.c ****   RCC_OscInitStruct.MSIClockRange = RCC_MSIRANGE_6;
 464              		.loc 1 149 3 is_stmt 1 view .LVU142
 149:Core/Src/main.c ****   RCC_OscInitStruct.MSIClockRange = RCC_MSIRANGE_6;
 465              		.loc 1 149 41 is_stmt 0 view .LVU143
 466 0042 0022     		movs	r2, #0
 467 0044 0C92     		str	r2, [sp, #48]
 150:Core/Src/main.c ****   RCC_OscInitStruct.PLL.PLLState = RCC_PLL_ON;
 468              		.loc 1 150 3 is_stmt 1 view .LVU144
 150:Core/Src/main.c ****   RCC_OscInitStruct.PLL.PLLState = RCC_PLL_ON;
 469              		.loc 1 150 35 is_stmt 0 view .LVU145
 470 0046 6022     		movs	r2, #96
 471 0048 0D92     		str	r2, [sp, #52]
 151:Core/Src/main.c ****   RCC_OscInitStruct.PLL.PLLSource = RCC_PLLSOURCE_MSI;
 472              		.loc 1 151 3 is_stmt 1 view .LVU146
 151:Core/Src/main.c ****   RCC_OscInitStruct.PLL.PLLSource = RCC_PLLSOURCE_MSI;
 473              		.loc 1 151 34 is_stmt 0 view .LVU147
 474 004a 0222     		movs	r2, #2
 475 004c 0F92     		str	r2, [sp, #60]
 152:Core/Src/main.c ****   RCC_OscInitStruct.PLL.PLLM = 1;
 476              		.loc 1 152 3 is_stmt 1 view .LVU148
 152:Core/Src/main.c ****   RCC_OscInitStruct.PLL.PLLM = 1;
 477              		.loc 1 152 35 is_stmt 0 view .LVU149
 478 004e 1093     		str	r3, [sp, #64]
 153:Core/Src/main.c ****   RCC_OscInitStruct.PLL.PLLN = 71;
 479              		.loc 1 153 3 is_stmt 1 view .LVU150
 153:Core/Src/main.c ****   RCC_OscInitStruct.PLL.PLLN = 71;
 480              		.loc 1 153 30 is_stmt 0 view .LVU151
 481 0050 1193     		str	r3, [sp, #68]
 154:Core/Src/main.c ****   RCC_OscInitStruct.PLL.PLLP = RCC_PLLP_DIV2;
 482              		.loc 1 154 3 is_stmt 1 view .LVU152
 154:Core/Src/main.c ****   RCC_OscInitStruct.PLL.PLLP = RCC_PLLP_DIV2;
 483              		.loc 1 154 30 is_stmt 0 view .LVU153
ARM GAS  C:\Users\curti\AppData\Local\Temp\ccL9DN3K.s 			page 20


 484 0052 4723     		movs	r3, #71
 485 0054 1293     		str	r3, [sp, #72]
 155:Core/Src/main.c ****   RCC_OscInitStruct.PLL.PLLQ = RCC_PLLQ_DIV2;
 486              		.loc 1 155 3 is_stmt 1 view .LVU154
 155:Core/Src/main.c ****   RCC_OscInitStruct.PLL.PLLQ = RCC_PLLQ_DIV2;
 487              		.loc 1 155 30 is_stmt 0 view .LVU155
 488 0056 1392     		str	r2, [sp, #76]
 156:Core/Src/main.c ****   RCC_OscInitStruct.PLL.PLLR = RCC_PLLR_DIV6;
 489              		.loc 1 156 3 is_stmt 1 view .LVU156
 156:Core/Src/main.c ****   RCC_OscInitStruct.PLL.PLLR = RCC_PLLR_DIV6;
 490              		.loc 1 156 30 is_stmt 0 view .LVU157
 491 0058 1492     		str	r2, [sp, #80]
 157:Core/Src/main.c ****   if (HAL_RCC_OscConfig(&RCC_OscInitStruct) != HAL_OK)
 492              		.loc 1 157 3 is_stmt 1 view .LVU158
 157:Core/Src/main.c ****   if (HAL_RCC_OscConfig(&RCC_OscInitStruct) != HAL_OK)
 493              		.loc 1 157 30 is_stmt 0 view .LVU159
 494 005a 0623     		movs	r3, #6
 495 005c 1593     		str	r3, [sp, #84]
 158:Core/Src/main.c ****   {
 496              		.loc 1 158 3 is_stmt 1 view .LVU160
 158:Core/Src/main.c ****   {
 497              		.loc 1 158 7 is_stmt 0 view .LVU161
 498 005e 05A8     		add	r0, sp, #20
 499 0060 FFF7FEFF 		bl	HAL_RCC_OscConfig
 500              	.LVL14:
 158:Core/Src/main.c ****   {
 501              		.loc 1 158 6 view .LVU162
 502 0064 A8B9     		cbnz	r0, .L25
 165:Core/Src/main.c ****                               |RCC_CLOCKTYPE_PCLK1|RCC_CLOCKTYPE_PCLK2;
 503              		.loc 1 165 3 is_stmt 1 view .LVU163
 165:Core/Src/main.c ****                               |RCC_CLOCKTYPE_PCLK1|RCC_CLOCKTYPE_PCLK2;
 504              		.loc 1 165 31 is_stmt 0 view .LVU164
 505 0066 0F23     		movs	r3, #15
 506 0068 0093     		str	r3, [sp]
 167:Core/Src/main.c ****   RCC_ClkInitStruct.AHBCLKDivider = RCC_SYSCLK_DIV1;
 507              		.loc 1 167 3 is_stmt 1 view .LVU165
 167:Core/Src/main.c ****   RCC_ClkInitStruct.AHBCLKDivider = RCC_SYSCLK_DIV1;
 508              		.loc 1 167 34 is_stmt 0 view .LVU166
 509 006a 0323     		movs	r3, #3
 510 006c 0193     		str	r3, [sp, #4]
 168:Core/Src/main.c ****   RCC_ClkInitStruct.APB1CLKDivider = RCC_HCLK_DIV2;
 511              		.loc 1 168 3 is_stmt 1 view .LVU167
 168:Core/Src/main.c ****   RCC_ClkInitStruct.APB1CLKDivider = RCC_HCLK_DIV2;
 512              		.loc 1 168 35 is_stmt 0 view .LVU168
 513 006e 0023     		movs	r3, #0
 514 0070 0293     		str	r3, [sp, #8]
 169:Core/Src/main.c ****   RCC_ClkInitStruct.APB2CLKDivider = RCC_HCLK_DIV1;
 515              		.loc 1 169 3 is_stmt 1 view .LVU169
 169:Core/Src/main.c ****   RCC_ClkInitStruct.APB2CLKDivider = RCC_HCLK_DIV1;
 516              		.loc 1 169 36 is_stmt 0 view .LVU170
 517 0072 4FF48062 		mov	r2, #1024
 518 0076 0392     		str	r2, [sp, #12]
 170:Core/Src/main.c **** 
 519              		.loc 1 170 3 is_stmt 1 view .LVU171
 170:Core/Src/main.c **** 
 520              		.loc 1 170 36 is_stmt 0 view .LVU172
 521 0078 0493     		str	r3, [sp, #16]
ARM GAS  C:\Users\curti\AppData\Local\Temp\ccL9DN3K.s 			page 21


 172:Core/Src/main.c ****   {
 522              		.loc 1 172 3 is_stmt 1 view .LVU173
 172:Core/Src/main.c ****   {
 523              		.loc 1 172 7 is_stmt 0 view .LVU174
 524 007a 0221     		movs	r1, #2
 525 007c 6846     		mov	r0, sp
 526 007e FFF7FEFF 		bl	HAL_RCC_ClockConfig
 527              	.LVL15:
 172:Core/Src/main.c ****   {
 528              		.loc 1 172 6 view .LVU175
 529 0082 40B9     		cbnz	r0, .L26
 179:Core/Src/main.c **** }
 530              		.loc 1 179 3 is_stmt 1 view .LVU176
 531 0084 FFF7FEFF 		bl	HAL_RCCEx_EnableMSIPLLMode
 532              	.LVL16:
 180:Core/Src/main.c **** 
 533              		.loc 1 180 1 is_stmt 0 view .LVU177
 534 0088 17B0     		add	sp, sp, #92
 535              		.cfi_remember_state
 536              		.cfi_def_cfa_offset 4
 537              		@ sp needed
 538 008a 5DF804FB 		ldr	pc, [sp], #4
 539              	.L24:
 540              		.cfi_restore_state
 135:Core/Src/main.c ****   }
 541              		.loc 1 135 5 is_stmt 1 view .LVU178
 542 008e FFF7FEFF 		bl	Error_Handler
 543              	.LVL17:
 544              	.L25:
 160:Core/Src/main.c ****   }
 545              		.loc 1 160 5 view .LVU179
 546 0092 FFF7FEFF 		bl	Error_Handler
 547              	.LVL18:
 548              	.L26:
 174:Core/Src/main.c ****   }
 549              		.loc 1 174 5 view .LVU180
 550 0096 FFF7FEFF 		bl	Error_Handler
 551              	.LVL19:
 552              	.L28:
 553 009a 00BF     		.align	2
 554              	.L27:
 555 009c 00100240 		.word	1073876992
 556              		.cfi_endproc
 557              	.LFE133:
 559              		.section	.text.main,"ax",%progbits
 560              		.align	1
 561              		.global	main
 562              		.syntax unified
 563              		.thumb
 564              		.thumb_func
 566              	main:
 567              	.LFB132:
  70:Core/Src/main.c ****   /* USER CODE BEGIN 1 */
 568              		.loc 1 70 1 view -0
 569              		.cfi_startproc
 570              		@ Volatile: function does not return.
 571              		@ args = 0, pretend = 0, frame = 0
ARM GAS  C:\Users\curti\AppData\Local\Temp\ccL9DN3K.s 			page 22


 572              		@ frame_needed = 0, uses_anonymous_args = 0
 573 0000 08B5     		push	{r3, lr}
 574              		.cfi_def_cfa_offset 8
 575              		.cfi_offset 3, -8
 576              		.cfi_offset 14, -4
  79:Core/Src/main.c **** 
 577              		.loc 1 79 3 view .LVU182
 578 0002 FFF7FEFF 		bl	HAL_Init
 579              	.LVL20:
  86:Core/Src/main.c **** 
 580              		.loc 1 86 3 view .LVU183
 581 0006 FFF7FEFF 		bl	SystemClock_Config
 582              	.LVL21:
  93:Core/Src/main.c ****   MX_LPUART1_UART_Init();
 583              		.loc 1 93 3 view .LVU184
 584 000a FFF7FEFF 		bl	MX_GPIO_Init
 585              	.LVL22:
  94:Core/Src/main.c ****   MX_USB_OTG_FS_PCD_Init();
 586              		.loc 1 94 3 view .LVU185
 587 000e FFF7FEFF 		bl	MX_LPUART1_UART_Init
 588              	.LVL23:
  95:Core/Src/main.c ****   /* USER CODE BEGIN 2 */
 589              		.loc 1 95 3 view .LVU186
 590 0012 FFF7FEFF 		bl	MX_USB_OTG_FS_PCD_Init
 591              	.LVL24:
 592 0016 07E0     		b	.L30
 593              	.L34:
 110:Core/Src/main.c ****       HAL_Delay(50);
 594              		.loc 1 110 7 view .LVU187
 595 0018 0022     		movs	r2, #0
 596 001a 8021     		movs	r1, #128
 597 001c 2046     		mov	r0, r4
 598 001e FFF7FEFF 		bl	HAL_GPIO_WritePin
 599              	.LVL25:
 111:Core/Src/main.c ****     }
 600              		.loc 1 111 7 view .LVU188
 601 0022 3220     		movs	r0, #50
 602 0024 FFF7FEFF 		bl	HAL_Delay
 603              	.LVL26:
 604              	.L30:
 102:Core/Src/main.c ****   {
 605              		.loc 1 102 3 view .LVU189
 106:Core/Src/main.c ****     HAL_Delay(100);
 606              		.loc 1 106 5 view .LVU190
 607 0028 0C4C     		ldr	r4, .L35
 608 002a 0122     		movs	r2, #1
 609 002c 8021     		movs	r1, #128
 610 002e 2046     		mov	r0, r4
 611 0030 FFF7FEFF 		bl	HAL_GPIO_WritePin
 612              	.LVL27:
 107:Core/Src/main.c ****     // LED OFF
 613              		.loc 1 107 5 view .LVU191
 614 0034 6420     		movs	r0, #100
 615 0036 FFF7FEFF 		bl	HAL_Delay
 616              	.LVL28:
 109:Core/Src/main.c ****       HAL_GPIO_WritePin(GPIOB, GPIO_PIN_7, GPIO_PIN_RESET);
 617              		.loc 1 109 5 view .LVU192
ARM GAS  C:\Users\curti\AppData\Local\Temp\ccL9DN3K.s 			page 23


 109:Core/Src/main.c ****       HAL_GPIO_WritePin(GPIOB, GPIO_PIN_7, GPIO_PIN_RESET);
 618              		.loc 1 109 9 is_stmt 0 view .LVU193
 619 003a 4FF40051 		mov	r1, #8192
 620 003e 2046     		mov	r0, r4
 621 0040 FFF7FEFF 		bl	HAL_GPIO_ReadPin
 622              	.LVL29:
 109:Core/Src/main.c ****       HAL_GPIO_WritePin(GPIOB, GPIO_PIN_7, GPIO_PIN_RESET);
 623              		.loc 1 109 8 view .LVU194
 624 0044 0028     		cmp	r0, #0
 625 0046 E7D1     		bne	.L34
 114:Core/Src/main.c ****       HAL_Delay(100);
 626              		.loc 1 114 7 is_stmt 1 view .LVU195
 627 0048 0022     		movs	r2, #0
 628 004a 8021     		movs	r1, #128
 629 004c 0348     		ldr	r0, .L35
 630 004e FFF7FEFF 		bl	HAL_GPIO_WritePin
 631              	.LVL30:
 115:Core/Src/main.c ****     }
 632              		.loc 1 115 7 view .LVU196
 633 0052 6420     		movs	r0, #100
 634 0054 FFF7FEFF 		bl	HAL_Delay
 635              	.LVL31:
 636 0058 E6E7     		b	.L30
 637              	.L36:
 638 005a 00BF     		.align	2
 639              	.L35:
 640 005c 00040048 		.word	1207960576
 641              		.cfi_endproc
 642              	.LFE132:
 644              		.global	hpcd_USB_OTG_FS
 645              		.section	.bss.hpcd_USB_OTG_FS,"aw",%nobits
 646              		.align	2
 649              	hpcd_USB_OTG_FS:
 650 0000 00000000 		.space	1292
 650      00000000 
 650      00000000 
 650      00000000 
 650      00000000 
 651              		.global	hlpuart1
 652              		.section	.bss.hlpuart1,"aw",%nobits
 653              		.align	2
 656              	hlpuart1:
 657 0000 00000000 		.space	136
 657      00000000 
 657      00000000 
 657      00000000 
 657      00000000 
 658              		.text
 659              	.Letext0:
 660              		.file 3 "c:\\users\\curti\\appdata\\roaming\\code\\user\\globalstorage\\bmd.stm32-for-vscode\\@xpa
 661              		.file 4 "c:\\users\\curti\\appdata\\roaming\\code\\user\\globalstorage\\bmd.stm32-for-vscode\\@xpa
 662              		.file 5 "Drivers/CMSIS/Device/ST/STM32L4xx/Include/stm32l496xx.h"
 663              		.file 6 "Drivers/CMSIS/Device/ST/STM32L4xx/Include/stm32l4xx.h"
 664              		.file 7 "Drivers/STM32L4xx_HAL_Driver/Inc/stm32l4xx_hal_def.h"
 665              		.file 8 "Drivers/STM32L4xx_HAL_Driver/Inc/stm32l4xx_hal_rcc.h"
 666              		.file 9 "Drivers/STM32L4xx_HAL_Driver/Inc/stm32l4xx_hal_gpio.h"
 667              		.file 10 "Drivers/STM32L4xx_HAL_Driver/Inc/stm32l4xx_hal_dma.h"
ARM GAS  C:\Users\curti\AppData\Local\Temp\ccL9DN3K.s 			page 24


 668              		.file 11 "Drivers/STM32L4xx_HAL_Driver/Inc/stm32l4xx_ll_usb.h"
 669              		.file 12 "Drivers/STM32L4xx_HAL_Driver/Inc/stm32l4xx_hal_pcd.h"
 670              		.file 13 "Drivers/STM32L4xx_HAL_Driver/Inc/stm32l4xx_hal_uart.h"
 671              		.file 14 "Drivers/STM32L4xx_HAL_Driver/Inc/stm32l4xx_hal_rcc_ex.h"
 672              		.file 15 "Drivers/STM32L4xx_HAL_Driver/Inc/stm32l4xx_hal_pwr.h"
 673              		.file 16 "Drivers/STM32L4xx_HAL_Driver/Inc/stm32l4xx_hal_pwr_ex.h"
 674              		.file 17 "Drivers/STM32L4xx_HAL_Driver/Inc/stm32l4xx_hal.h"
 675              		.file 18 "<built-in>"
ARM GAS  C:\Users\curti\AppData\Local\Temp\ccL9DN3K.s 			page 25


DEFINED SYMBOLS
                            *ABS*:00000000 main.c
C:\Users\curti\AppData\Local\Temp\ccL9DN3K.s:21     .text.MX_GPIO_Init:00000000 $t
C:\Users\curti\AppData\Local\Temp\ccL9DN3K.s:26     .text.MX_GPIO_Init:00000000 MX_GPIO_Init
C:\Users\curti\AppData\Local\Temp\ccL9DN3K.s:218    .text.MX_GPIO_Init:000000dc $d
C:\Users\curti\AppData\Local\Temp\ccL9DN3K.s:226    .text.Error_Handler:00000000 $t
C:\Users\curti\AppData\Local\Temp\ccL9DN3K.s:232    .text.Error_Handler:00000000 Error_Handler
C:\Users\curti\AppData\Local\Temp\ccL9DN3K.s:264    .text.MX_LPUART1_UART_Init:00000000 $t
C:\Users\curti\AppData\Local\Temp\ccL9DN3K.s:269    .text.MX_LPUART1_UART_Init:00000000 MX_LPUART1_UART_Init
C:\Users\curti\AppData\Local\Temp\ccL9DN3K.s:327    .text.MX_LPUART1_UART_Init:00000030 $d
C:\Users\curti\AppData\Local\Temp\ccL9DN3K.s:656    .bss.hlpuart1:00000000 hlpuart1
C:\Users\curti\AppData\Local\Temp\ccL9DN3K.s:334    .text.MX_USB_OTG_FS_PCD_Init:00000000 $t
C:\Users\curti\AppData\Local\Temp\ccL9DN3K.s:339    .text.MX_USB_OTG_FS_PCD_Init:00000000 MX_USB_OTG_FS_PCD_Init
C:\Users\curti\AppData\Local\Temp\ccL9DN3K.s:400    .text.MX_USB_OTG_FS_PCD_Init:00000030 $d
C:\Users\curti\AppData\Local\Temp\ccL9DN3K.s:649    .bss.hpcd_USB_OTG_FS:00000000 hpcd_USB_OTG_FS
C:\Users\curti\AppData\Local\Temp\ccL9DN3K.s:405    .text.SystemClock_Config:00000000 $t
C:\Users\curti\AppData\Local\Temp\ccL9DN3K.s:411    .text.SystemClock_Config:00000000 SystemClock_Config
C:\Users\curti\AppData\Local\Temp\ccL9DN3K.s:555    .text.SystemClock_Config:0000009c $d
C:\Users\curti\AppData\Local\Temp\ccL9DN3K.s:560    .text.main:00000000 $t
C:\Users\curti\AppData\Local\Temp\ccL9DN3K.s:566    .text.main:00000000 main
C:\Users\curti\AppData\Local\Temp\ccL9DN3K.s:640    .text.main:0000005c $d
C:\Users\curti\AppData\Local\Temp\ccL9DN3K.s:646    .bss.hpcd_USB_OTG_FS:00000000 $d
C:\Users\curti\AppData\Local\Temp\ccL9DN3K.s:653    .bss.hlpuart1:00000000 $d

UNDEFINED SYMBOLS
HAL_PWREx_EnableVddIO2
HAL_GPIO_WritePin
HAL_GPIO_Init
HAL_UART_Init
HAL_PCD_Init
memset
HAL_PWREx_ControlVoltageScaling
HAL_PWR_EnableBkUpAccess
HAL_RCC_OscConfig
HAL_RCC_ClockConfig
HAL_RCCEx_EnableMSIPLLMode
HAL_Init
HAL_Delay
HAL_GPIO_ReadPin
